
> shaderlex@0.1.0 dev
> next dev --hostname 127.0.0.1 --port 3001

▲ Next.js 16.2.3 (Turbopack)
- Local:         http://127.0.0.1:3001
- Network:       http://127.0.0.1:3001
✓ Ready in 466ms

 GET / 200 in 1934ms (next.js: 1634ms, application-code: 300ms)
 GET / 200 in 167ms (next.js: 7ms, application-code: 160ms)
 GET / 200 in 175ms (next.js: 57ms, application-code: 117ms)
 GET / 200 in 53ms (next.js: 4ms, application-code: 49ms)
✓ Compiled in 89ms
 GET / 200 in 460ms (next.js: 68ms, application-code: 392ms)
 GET / 200 in 345ms (next.js: 3ms, application-code: 342ms)
 GET / 200 in 270ms (next.js: 6ms, application-code: 263ms)
 GET / 200 in 269ms (next.js: 52ms, application-code: 218ms)
 GET / 200 in 269ms (next.js: 98ms, application-code: 171ms)
 GET / 200 in 269ms (next.js: 151ms, application-code: 119ms)
 GET / 200 in 347ms (next.js: 3ms, application-code: 344ms)
 GET / 200 in 348ms (next.js: 6ms, application-code: 342ms)
 GET / 200 in 290ms (next.js: 4ms, application-code: 286ms)
 GET / 200 in 290ms (next.js: 54ms, application-code: 236ms)
 GET / 200 in 290ms (next.js: 112ms, application-code: 178ms)
 GET / 200 in 291ms (next.js: 163ms, application-code: 128ms)
 GET / 200 in 386ms (next.js: 3ms, application-code: 383ms)
 GET / 200 in 384ms (next.js: 5ms, application-code: 379ms)
 GET / 200 in 314ms (next.js: 59ms, application-code: 255ms)
 GET / 200 in 314ms (next.js: 170ms, application-code: 144ms)
 GET / 200 in 316ms (next.js: 4ms, application-code: 312ms)
 GET / 200 in 316ms (next.js: 113ms, application-code: 204ms)
 GET / 200 in 324ms (next.js: 4ms, application-code: 320ms)
 GET / 200 in 263ms (next.js: 6ms, application-code: 257ms)
 GET / 200 in 251ms (next.js: 4ms, application-code: 247ms)
 GET / 200 in 250ms (next.js: 106ms, application-code: 144ms)
 GET / 200 in 250ms (next.js: 149ms, application-code: 101ms)
 GET / 200 in 252ms (next.js: 56ms, application-code: 196ms)
 GET / 200 in 51ms (next.js: 3ms, application-code: 48ms)
✓ Compiled in 81ms
 GET / 200 in 79ms (next.js: 6ms, application-code: 74ms)
 GET / 200 in 478ms (next.js: 85ms, application-code: 393ms)
 GET / 200 in 328ms (next.js: 4ms, application-code: 323ms)
 GET / 200 in 280ms (next.js: 67ms, application-code: 213ms)
 GET / 200 in 137ms (next.js: 4ms, application-code: 133ms)
 GET / 200 in 92ms (next.js: 4ms, application-code: 88ms)
 GET / 200 in 91ms (next.js: 46ms, application-code: 46ms)
✓ Compiled in 66ms
✓ Compiled in 81ms
✓ Compiled in 62ms
 GET / 200 in 165ms (next.js: 49ms, application-code: 116ms)
 GET / 200 in 66ms (next.js: 3ms, application-code: 64ms)
 GET /learn 200 in 310ms (next.js: 275ms, application-code: 36ms)
✓ Compiled in 218ms
✓ Compiled in 73ms
 GET / 200 in 291ms (next.js: 64ms, application-code: 227ms)
 GET / 200 in 149ms (next.js: 3ms, application-code: 146ms)
 GET / 200 in 102ms (next.js: 3ms, application-code: 98ms)
 GET / 200 in 102ms (next.js: 48ms, application-code: 54ms)
✓ Compiled in 59ms
 GET / 200 in 178ms (next.js: 46ms, application-code: 131ms)
 GET / 200 in 76ms (next.js: 4ms, application-code: 72ms)
✓ Compiled in 62ms
 GET /practice/shaders 200 in 739ms (next.js: 713ms, generate-params: 403ms, application-code: 26ms)
 GET /progress 200 in 320ms (next.js: 299ms, application-code: 20ms)
 GET / 200 in 50ms (next.js: 7ms, application-code: 43ms)
✓ Compiled in 150ms
 GET / 200 in 404ms (next.js: 70ms, application-code: 334ms)
 GET / 200 in 330ms (next.js: 3ms, application-code: 327ms)
 GET / 200 in 256ms (next.js: 44ms, application-code: 212ms)
 GET / 200 in 257ms (next.js: 4ms, application-code: 253ms)
 GET / 200 in 304ms (next.js: 88ms, application-code: 215ms)
 GET / 200 in 257ms (next.js: 3ms, application-code: 253ms)
 GET / 200 in 286ms (next.js: 3ms, application-code: 283ms)
 GET / 200 in 271ms (next.js: 5ms, application-code: 266ms)
 GET / 200 in 221ms (next.js: 3ms, application-code: 218ms)
 GET / 200 in 222ms (next.js: 39ms, application-code: 183ms)
 GET / 200 in 144ms (next.js: 8ms, application-code: 136ms)
 GET / 200 in 95ms (next.js: 3ms, application-code: 92ms)
 GET / 200 in 51ms (next.js: 2ms, application-code: 48ms)
✓ Compiled in 79ms
 GET / 200 in 396ms (next.js: 61ms, application-code: 336ms)
 GET / 200 in 275ms (next.js: 3ms, application-code: 272ms)
 GET / 200 in 254ms (next.js: 46ms, application-code: 208ms)
 GET / 200 in 255ms (next.js: 4ms, application-code: 251ms)
 GET / 200 in 294ms (next.js: 84ms, application-code: 210ms)
 GET / 200 in 295ms (next.js: 3ms, application-code: 291ms)
 GET / 200 in 293ms (next.js: 3ms, application-code: 290ms)
 GET / 200 in 290ms (next.js: 3ms, application-code: 287ms)
 GET / 200 in 248ms (next.js: 48ms, application-code: 200ms)
 GET / 200 in 250ms (next.js: 3ms, application-code: 247ms)
 GET / 200 in 157ms (next.js: 3ms, application-code: 155ms)
 GET / 200 in 112ms (next.js: 3ms, application-code: 109ms)
 GET / 200 in 56ms (next.js: 3ms, application-code: 54ms)
✓ Compiled in 36ms
 GET / 200 in 382ms (next.js: 48ms, application-code: 334ms)
 GET / 200 in 329ms (next.js: 3ms, application-code: 327ms)
 GET / 200 in 251ms (next.js: 48ms, application-code: 203ms)
 GET / 200 in 250ms (next.js: 92ms, application-code: 159ms)
 GET / 200 in 250ms (next.js: 132ms, application-code: 118ms)
 GET / 200 in 252ms (next.js: 4ms, application-code: 249ms)
 GET / 200 in 57ms (next.js: 3ms, application-code: 54ms)
 GET / 200 in 307ms (next.js: 3ms, application-code: 304ms)
 GET /practice/naver-test 200 in 188ms (next.js: 73ms, generate-params: 10ms, application-code: 115ms)
 GET /learn/naver-test 200 in 777ms (next.js: 681ms, generate-params: 422ms, application-code: 96ms)
 GET / 200 in 112ms (next.js: 3ms, application-code: 110ms)
 GET /practice/naver-test 200 in 62ms (next.js: 10ms, generate-params: 8ms, application-code: 52ms)
 GET /practice/naver-test 200 in 61ms (next.js: 9ms, generate-params: 7ms, application-code: 52ms)
 GET / 200 in 400ms (next.js: 63ms, application-code: 337ms)
 GET / 200 in 268ms (next.js: 2ms, application-code: 266ms)
 GET / 200 in 193ms (next.js: 4ms, application-code: 189ms)
 GET / 200 in 192ms (next.js: 89ms, application-code: 104ms)
 GET / 200 in 193ms (next.js: 47ms, application-code: 146ms)
 GET / 200 in 61ms (next.js: 3ms, application-code: 58ms)
 GET /practice/naver-test 200 in 182ms (next.js: 69ms, generate-params: 8ms, application-code: 113ms)
 GET /practice/naver-test 200 in 27ms (next.js: 8ms, generate-params: 5ms, application-code: 20ms)
 POST /api/quiz/submit 200 in 317ms (next.js: 299ms, application-code: 18ms)
 GET /practice/naver-test 200 in 105ms (next.js: 64ms, generate-params: 7ms, application-code: 41ms)
✓ Compiled in 77ms
✓ Compiled in 37ms
 GET /practice/naver-test 200 in 292ms (next.js: 132ms, generate-params: 5ms, application-code: 160ms)
 GET /practice/naver-test 200 in 210ms (next.js: 66ms, generate-params: 45µs, application-code: 144ms)
 GET /practice/naver-test 200 in 132ms (next.js: 4ms, generate-params: 27µs, application-code: 128ms)
 GET /practice/naver-test 200 in 131ms (next.js: 46ms, generate-params: 57µs, application-code: 85ms)
 GET /practice/naver-test 200 in 132ms (next.js: 25ms, generate-params: 23µs, application-code: 107ms)
 GET /practice/naver-test 200 in 157ms (next.js: 75ms, generate-params: 18µs, application-code: 82ms)
 GET /practice/naver-test 200 in 65ms (next.js: 3ms, generate-params: 27µs, application-code: 62ms)
 GET /practice/naver-test 200 in 59ms (next.js: 4ms, generate-params: 17µs, application-code: 55ms)
 GET /practice/naver-test 200 in 25ms (next.js: 2ms, generate-params: 25µs, application-code: 23ms)
✓ Compiled in 63ms
 GET /practice/naver-test 500 in 847ms (next.js: 726ms, application-code: 120ms)
 GET /practice/naver-test 500 in 19ms (next.js: 7ms, application-code: 12ms)
 GET /practice/naver-test 500 in 21ms (next.js: 11ms, application-code: 10ms)
 GET /practice/naver-test 500 in 28ms (next.js: 16ms, application-code: 12ms)
✓ Compiled in 83ms
 GET /practice/naver-test 200 in 229ms (next.js: 98ms, generate-params: 9ms, application-code: 131ms)
 GET / 200 in 321ms (next.js: 61ms, application-code: 260ms)
 GET /practice 200 in 327ms (next.js: 249ms, application-code: 78ms)
 GET /practice/naver-test 200 in 57ms (next.js: 8ms, generate-params: 5ms, application-code: 49ms)
 GET /practice/naver-test 200 in 115ms (next.js: 9ms, generate-params: 6ms, application-code: 107ms)
 GET /practice/naver-test 200 in 116ms (next.js: 60ms, generate-params: 21µs, application-code: 56ms)
✓ Compiled in 38ms
 GET /practice/naver-test 200 in 116ms (next.js: 74ms, generate-params: 5ms, application-code: 42ms)
 GET /practice/naver-test 200 in 248ms (next.js: 10ms, generate-params: 7ms, application-code: 238ms)
 GET /practice/naver-test 200 in 118ms (next.js: 4ms, generate-params: 40µs, application-code: 113ms)
 GET /practice/naver-test 200 in 63ms (next.js: 9ms, generate-params: 7ms, application-code: 54ms)
✓ Compiled in 37ms
 GET /practice/naver-test 200 in 100ms (next.js: 62ms, generate-params: 5ms, application-code: 38ms)
 GET /practice/naver-test 200 in 229ms (next.js: 7ms, generate-params: 5ms, application-code: 222ms)
 GET /practice/naver-test 200 in 115ms (next.js: 3ms, generate-params: 28µs, application-code: 112ms)
 GET /practice/naver-test 200 in 64ms (next.js: 8ms, generate-params: 6ms, application-code: 55ms)
 GET /practice/naver-test 200 in 60ms (next.js: 7ms, generate-params: 5ms, application-code: 53ms)
 GET /practice/naver-test 200 in 323ms (next.js: 162ms, generate-params: 5ms, application-code: 162ms)
 GET /practice/naver-test 200 in 247ms (next.js: 48ms, generate-params: 22µs, application-code: 199ms)
 GET /practice/naver-test 200 in 185ms (next.js: 119ms, generate-params: 21µs, application-code: 66ms)
 GET /practice/naver-test 200 in 188ms (next.js: 6ms, generate-params: 22µs, application-code: 182ms)
 GET /practice/naver-test 200 in 187ms (next.js: 98ms, generate-params: 21µs, application-code: 88ms)
 GET /practice/naver-test 200 in 188ms (next.js: 36ms, generate-params: 24µs, application-code: 152ms)
 GET /practice/naver-test 200 in 74ms (next.js: 3ms, generate-params: 30µs, application-code: 71ms)
 GET /practice/naver-test 200 in 130ms (next.js: 5ms, generate-params: 27µs, application-code: 125ms)
 GET /practice/naver-test 200 in 93ms (next.js: 4ms, generate-params: 30µs, application-code: 89ms)
 GET /practice/naver-test 200 in 93ms (next.js: 32ms, generate-params: 27µs, application-code: 61ms)
 GET /practice/naver-test 200 in 93ms (next.js: 60ms, generate-params: 27µs, application-code: 33ms)
 GET /practice/naver-test 200 in 105ms (next.js: 52ms, generate-params: 5ms, application-code: 53ms)
✓ Compiled in 80ms
 GET /practice/naver-test 200 in 158ms (next.js: 79ms, generate-params: 7ms, application-code: 79ms)
 GET /practice/naver-test 200 in 35ms (next.js: 2ms, generate-params: 19µs, application-code: 32ms)
 GET /practice/naver-test 200 in 185ms (next.js: 7ms, generate-params: 5ms, application-code: 178ms)
 GET /practice/naver-test 200 in 187ms (next.js: 103ms, generate-params: 34µs, application-code: 84ms)
 GET /practice/naver-test 200 in 63ms (next.js: 7ms, generate-params: 5ms, application-code: 56ms)
✓ Compiled in 37ms
 GET /practice/naver-test 200 in 108ms (next.js: 68ms, generate-params: 5ms, application-code: 40ms)
 GET /practice/naver-test 200 in 118ms (next.js: 7ms, generate-params: 5ms, application-code: 111ms)
✓ Compiled in 43ms
 GET /practice/naver-test 200 in 105ms (next.js: 65ms, generate-params: 6ms, application-code: 39ms)
✓ Compiled in 35ms
 GET /practice/naver-test 200 in 107ms (next.js: 69ms, generate-params: 5ms, application-code: 38ms)
 GET /practice/naver-test 200 in 149ms (next.js: 12ms, generate-params: 8ms, application-code: 137ms)
 GET /practice/naver-test 200 in 14ms (next.js: 8ms, generate-params: 6ms, application-code: 6ms)
 GET /practice/naver-test 200 in 29ms (next.js: 3ms, generate-params: 30µs, application-code: 26ms)
 GET / 200 in 122ms (next.js: 64ms, application-code: 58ms)
 GET /practice/naver-test 200 in 28ms (next.js: 8ms, generate-params: 5ms, application-code: 20ms)
✓ Compiled in 85ms
✓ Compiled in 79ms
 GET /practice/naver-test 200 in 561ms (next.js: 75ms, generate-params: 6ms, application-code: 486ms)
 GET /practice/naver-test 200 in 409ms (next.js: 3ms, generate-params: 28µs, application-code: 407ms)
 GET /practice/naver-test 200 in 458ms (next.js: 69ms, generate-params: 34µs, application-code: 389ms)
 GET /practice/naver-test 200 in 458ms (next.js: 138ms, generate-params: 19µs, application-code: 320ms)
 GET /practice/naver-test 200 in 460ms (next.js: 4ms, generate-params: 28µs, application-code: 456ms)
 GET /practice/naver-test 200 in 527ms (next.js: 216ms, generate-params: 28µs, application-code: 312ms)
 GET /practice/naver-test 200 in 219ms (next.js: 12ms, generate-params: 7ms, application-code: 207ms)
 GET /practice/naver-test 200 in 85ms (next.js: 4ms, generate-params: 28µs, application-code: 81ms)
 GET /practice/naver-test 200 in 371ms (next.js: 11ms, generate-params: 8ms, application-code: 360ms)
 GET /practice/naver-test 200 in 171ms (next.js: 5ms, generate-params: 26µs, application-code: 166ms)
 HEAD /practice/naver-test 200 in 144ms (next.js: 11ms, generate-params: 8ms, application-code: 133ms)
 GET /practice/naver-test 200 in 371ms (next.js: 8ms, generate-params: 5ms, application-code: 363ms)
 GET /practice/naver-test 200 in 233ms (next.js: 3ms, generate-params: 28µs, application-code: 231ms)
✓ Compiled in 38ms
 GET /practice/naver-test 200 in 131ms (next.js: 57ms, generate-params: 6ms, application-code: 74ms)
 GET /practice/naver-test 200 in 437ms (next.js: 9ms, generate-params: 7ms, application-code: 428ms)
 GET /practice/naver-test 200 in 260ms (next.js: 2ms, generate-params: 17µs, application-code: 258ms)
